[INFO ] 2022-08-18 18:52:45.141 [main] CONFIG - Running file .\ordersScript.xml
[INFO ] 2022-08-18 18:52:45.141 [main] CONFIG - Running file .\ordersScript.xml
[INFO ] 2022-08-18 18:52:45.141 [main] CONFIG - Running file .\ordersScript.xml
[INFO ] 2022-08-18 18:52:45.176 [main] CONFIG - Benerator 2.0.0-jdk-11 build ${build_number}
[INFO ] 2022-08-18 18:52:45.176 [main] CONFIG - Benerator 2.0.0-jdk-11 build ${build_number}
[INFO ] 2022-08-18 18:52:45.176 [main] CONFIG - Benerator 2.0.0-jdk-11 build ${build_number}
[INFO ] 2022-08-18 18:52:45.178 [main] CONFIG - Java version:  11.0.13
[INFO ] 2022-08-18 18:52:45.178 [main] CONFIG - Java version:  11.0.13
[INFO ] 2022-08-18 18:52:45.178 [main] CONFIG - Java version:  11.0.13
[INFO ] 2022-08-18 18:52:45.179 [main] CONFIG - JVM product:   Java HotSpot(TM) 64-Bit Server VM 11.0.13+10-LTS-370 (Oracle Corporation)
[INFO ] 2022-08-18 18:52:45.179 [main] CONFIG - JVM product:   Java HotSpot(TM) 64-Bit Server VM 11.0.13+10-LTS-370 (Oracle Corporation)
[INFO ] 2022-08-18 18:52:45.179 [main] CONFIG - JVM product:   Java HotSpot(TM) 64-Bit Server VM 11.0.13+10-LTS-370 (Oracle Corporation)
[INFO ] 2022-08-18 18:52:45.179 [main] CONFIG - System:        Windows 10 10.0 amd64
[INFO ] 2022-08-18 18:52:45.179 [main] CONFIG - System:        Windows 10 10.0 amd64
[INFO ] 2022-08-18 18:52:45.179 [main] CONFIG - System:        Windows 10 10.0 amd64
[INFO ] 2022-08-18 18:52:45.179 [main] CONFIG - CPU & RAM:     8 cores and 15 GB RAM, max 3 GB of RAM for this process
[INFO ] 2022-08-18 18:52:45.179 [main] CONFIG - CPU & RAM:     8 cores and 15 GB RAM, max 3 GB of RAM for this process
[INFO ] 2022-08-18 18:52:45.179 [main] CONFIG - CPU & RAM:     8 cores and 15 GB RAM, max 3 GB of RAM for this process
[INFO ] 2022-08-18 18:52:45.179 [main] CONFIG - Slf4j binding: org.apache.logging.slf4j.Log4jLoggerFactory
[INFO ] 2022-08-18 18:52:45.179 [main] CONFIG - Slf4j binding: org.apache.logging.slf4j.Log4jLoggerFactory
[INFO ] 2022-08-18 18:52:45.179 [main] CONFIG - Slf4j binding: org.apache.logging.slf4j.Log4jLoggerFactory
[INFO ] 2022-08-18 18:52:45.181 [main] CONFIG - Configured heap size limit: 3946 MB
[INFO ] 2022-08-18 18:52:45.181 [main] CONFIG - Configured heap size limit: 3946 MB
[INFO ] 2022-08-18 18:52:45.181 [main] CONFIG - Configured heap size limit: 3946 MB
[ERROR] 2022-08-18 18:52:46.108 [main] CompanyNameGenerator - Cannot create legal form generator: Unable to create generator for atomic dataset: IN: . Falling back to US. 
[ERROR] 2022-08-18 18:52:46.108 [main] CompanyNameGenerator - Cannot create legal form generator: Unable to create generator for atomic dataset: IN: . Falling back to US. 
[ERROR] 2022-08-18 18:52:46.108 [main] CompanyNameGenerator - Cannot create legal form generator: Unable to create generator for atomic dataset: IN: . Falling back to US. 
[INFO ] 2022-08-18 18:52:46.112 [main] CompanyNameGenerator - Cannot create sector generator: No localization found for /com/rapiddweller/domain/organization/sector.csv on locale hi_IN. Falling back to US
[INFO ] 2022-08-18 18:52:46.112 [main] CompanyNameGenerator - Cannot create sector generator: No localization found for /com/rapiddweller/domain/organization/sector.csv on locale hi_IN. Falling back to US
[INFO ] 2022-08-18 18:52:46.112 [main] CompanyNameGenerator - Cannot create sector generator: No localization found for /com/rapiddweller/domain/organization/sector.csv on locale hi_IN. Falling back to US
[INFO ] 2022-08-18 18:52:46.119 [main] TaskExecutor - Running task StateTrackingTaskProxy[GenerateAndConsumeTask(customer)] 5 times with page size 1 in a single thread
[INFO ] 2022-08-18 18:52:46.119 [main] TaskExecutor - Running task StateTrackingTaskProxy[GenerateAndConsumeTask(customer)] 5 times with page size 1 in a single thread
[INFO ] 2022-08-18 18:52:46.150 [main] LoggingConsumer - startConsuming(customer[first_name=Patel, last_name=Arjun, birthDate=04.12.1968, superuser=true, salutation=Mr., academicTitle=[null], email=info@VQC.de])
[INFO ] 2022-08-18 18:52:46.150 [main] LoggingConsumer - startConsuming(customer[first_name=Patel, last_name=Arjun, birthDate=04.12.1968, superuser=true, salutation=Mr., academicTitle=[null], email=info@VQC.de])
[INFO ] 2022-08-18 18:52:46.150 [main] LoggingConsumer - startConsuming(customer[first_name=Patel, last_name=Arjun, birthDate=04.12.1968, superuser=true, salutation=Mr., academicTitle=[null], email=info@VQC.de])
[INFO ] 2022-08-18 18:52:46.154 [main] LoggingConsumer - finishConsuming(customer[first_name=Patel, last_name=Arjun, birthDate=04.12.1968, superuser=true, salutation=Mr., academicTitle=[null], email=info@VQC.de])
[INFO ] 2022-08-18 18:52:46.154 [main] LoggingConsumer - finishConsuming(customer[first_name=Patel, last_name=Arjun, birthDate=04.12.1968, superuser=true, salutation=Mr., academicTitle=[null], email=info@VQC.de])
[INFO ] 2022-08-18 18:52:46.154 [main] LoggingConsumer - finishConsuming(customer[first_name=Patel, last_name=Arjun, birthDate=04.12.1968, superuser=true, salutation=Mr., academicTitle=[null], email=info@VQC.de])
[INFO ] 2022-08-18 18:52:46.155 [main] LoggingConsumer - flush()
[INFO ] 2022-08-18 18:52:46.155 [main] LoggingConsumer - flush()
[INFO ] 2022-08-18 18:52:46.155 [main] LoggingConsumer - flush()
[INFO ] 2022-08-18 18:52:46.159 [main] LoggingConsumer - startConsuming(customer[first_name=Chattopadhyay, last_name=Lila, birthDate=26.05.2001, superuser=false, salutation=Mrs., academicTitle=[null], email=info@Sriram-Chatterjee.de])
[INFO ] 2022-08-18 18:52:46.159 [main] LoggingConsumer - startConsuming(customer[first_name=Chattopadhyay, last_name=Lila, birthDate=26.05.2001, superuser=false, salutation=Mrs., academicTitle=[null], email=info@Sriram-Chatterjee.de])
[INFO ] 2022-08-18 18:52:46.159 [main] LoggingConsumer - startConsuming(customer[first_name=Chattopadhyay, last_name=Lila, birthDate=26.05.2001, superuser=false, salutation=Mrs., academicTitle=[null], email=info@Sriram-Chatterjee.de])
[INFO ] 2022-08-18 18:52:46.159 [main] LoggingConsumer - finishConsuming(customer[first_name=Chattopadhyay, last_name=Lila, birthDate=26.05.2001, superuser=false, salutation=Mrs., academicTitle=[null], email=info@Sriram-Chatterjee.de])
[INFO ] 2022-08-18 18:52:46.159 [main] LoggingConsumer - finishConsuming(customer[first_name=Chattopadhyay, last_name=Lila, birthDate=26.05.2001, superuser=false, salutation=Mrs., academicTitle=[null], email=info@Sriram-Chatterjee.de])
[INFO ] 2022-08-18 18:52:46.159 [main] LoggingConsumer - finishConsuming(customer[first_name=Chattopadhyay, last_name=Lila, birthDate=26.05.2001, superuser=false, salutation=Mrs., academicTitle=[null], email=info@Sriram-Chatterjee.de])
[INFO ] 2022-08-18 18:52:46.160 [main] LoggingConsumer - flush()
[INFO ] 2022-08-18 18:52:46.160 [main] LoggingConsumer - flush()
[INFO ] 2022-08-18 18:52:46.160 [main] LoggingConsumer - flush()
[INFO ] 2022-08-18 18:52:46.166 [main] LoggingConsumer - startConsuming(customer[first_name=Subramanium, last_name=Naresh, birthDate=25.08.1983, superuser=false, salutation=Mr., academicTitle=[null], email=info@PowerScape.de])
[INFO ] 2022-08-18 18:52:46.166 [main] LoggingConsumer - startConsuming(customer[first_name=Subramanium, last_name=Naresh, birthDate=25.08.1983, superuser=false, salutation=Mr., academicTitle=[null], email=info@PowerScape.de])
[INFO ] 2022-08-18 18:52:46.166 [main] LoggingConsumer - startConsuming(customer[first_name=Subramanium, last_name=Naresh, birthDate=25.08.1983, superuser=false, salutation=Mr., academicTitle=[null], email=info@PowerScape.de])
[INFO ] 2022-08-18 18:52:46.166 [main] LoggingConsumer - finishConsuming(customer[first_name=Subramanium, last_name=Naresh, birthDate=25.08.1983, superuser=false, salutation=Mr., academicTitle=[null], email=info@PowerScape.de])
[INFO ] 2022-08-18 18:52:46.166 [main] LoggingConsumer - finishConsuming(customer[first_name=Subramanium, last_name=Naresh, birthDate=25.08.1983, superuser=false, salutation=Mr., academicTitle=[null], email=info@PowerScape.de])
[INFO ] 2022-08-18 18:52:46.166 [main] LoggingConsumer - finishConsuming(customer[first_name=Subramanium, last_name=Naresh, birthDate=25.08.1983, superuser=false, salutation=Mr., academicTitle=[null], email=info@PowerScape.de])
[INFO ] 2022-08-18 18:52:46.167 [main] LoggingConsumer - flush()
[INFO ] 2022-08-18 18:52:46.167 [main] LoggingConsumer - flush()
[INFO ] 2022-08-18 18:52:46.167 [main] LoggingConsumer - flush()
[INFO ] 2022-08-18 18:52:46.174 [main] LoggingConsumer - startConsuming(customer[first_name=Das, last_name=Rama, birthDate=09.02.1975, superuser=true, salutation=Mr., academicTitle=[null], email=info@Sharma-Bhatnagar.de])
[INFO ] 2022-08-18 18:52:46.174 [main] LoggingConsumer - startConsuming(customer[first_name=Das, last_name=Rama, birthDate=09.02.1975, superuser=true, salutation=Mr., academicTitle=[null], email=info@Sharma-Bhatnagar.de])
[INFO ] 2022-08-18 18:52:46.174 [main] LoggingConsumer - startConsuming(customer[first_name=Das, last_name=Rama, birthDate=09.02.1975, superuser=true, salutation=Mr., academicTitle=[null], email=info@Sharma-Bhatnagar.de])
[INFO ] 2022-08-18 18:52:46.175 [main] LoggingConsumer - finishConsuming(customer[first_name=Das, last_name=Rama, birthDate=09.02.1975, superuser=true, salutation=Mr., academicTitle=[null], email=info@Sharma-Bhatnagar.de])
[INFO ] 2022-08-18 18:52:46.175 [main] LoggingConsumer - finishConsuming(customer[first_name=Das, last_name=Rama, birthDate=09.02.1975, superuser=true, salutation=Mr., academicTitle=[null], email=info@Sharma-Bhatnagar.de])
[INFO ] 2022-08-18 18:52:46.175 [main] LoggingConsumer - finishConsuming(customer[first_name=Das, last_name=Rama, birthDate=09.02.1975, superuser=true, salutation=Mr., academicTitle=[null], email=info@Sharma-Bhatnagar.de])
[INFO ] 2022-08-18 18:52:46.176 [main] LoggingConsumer - flush()
[INFO ] 2022-08-18 18:52:46.176 [main] LoggingConsumer - flush()
[INFO ] 2022-08-18 18:52:46.176 [main] LoggingConsumer - flush()
[INFO ] 2022-08-18 18:52:46.177 [main] LoggingConsumer - startConsuming(customer[first_name=Gavde, last_name=Saroja, birthDate=05.02.1967, superuser=false, salutation=Mrs., academicTitle=[null], email=info@AutoCom.de])
[INFO ] 2022-08-18 18:52:46.177 [main] LoggingConsumer - startConsuming(customer[first_name=Gavde, last_name=Saroja, birthDate=05.02.1967, superuser=false, salutation=Mrs., academicTitle=[null], email=info@AutoCom.de])
[INFO ] 2022-08-18 18:52:46.177 [main] LoggingConsumer - startConsuming(customer[first_name=Gavde, last_name=Saroja, birthDate=05.02.1967, superuser=false, salutation=Mrs., academicTitle=[null], email=info@AutoCom.de])
[INFO ] 2022-08-18 18:52:46.178 [main] LoggingConsumer - finishConsuming(customer[first_name=Gavde, last_name=Saroja, birthDate=05.02.1967, superuser=false, salutation=Mrs., academicTitle=[null], email=info@AutoCom.de])
[INFO ] 2022-08-18 18:52:46.178 [main] LoggingConsumer - finishConsuming(customer[first_name=Gavde, last_name=Saroja, birthDate=05.02.1967, superuser=false, salutation=Mrs., academicTitle=[null], email=info@AutoCom.de])
[INFO ] 2022-08-18 18:52:46.178 [main] LoggingConsumer - finishConsuming(customer[first_name=Gavde, last_name=Saroja, birthDate=05.02.1967, superuser=false, salutation=Mrs., academicTitle=[null], email=info@AutoCom.de])
[INFO ] 2022-08-18 18:52:46.178 [main] LoggingConsumer - flush()
[INFO ] 2022-08-18 18:52:46.178 [main] LoggingConsumer - flush()
[INFO ] 2022-08-18 18:52:46.178 [main] LoggingConsumer - flush()
[INFO ] 2022-08-18 18:52:46.179 [main] LoggingConsumer - close()
[INFO ] 2022-08-18 18:52:46.179 [main] LoggingConsumer - close()
[INFO ] 2022-08-18 18:52:46.179 [main] LoggingConsumer - close()
[INFO ] 2022-08-18 18:52:46.180 [main] LoggingConsumer - close()
[INFO ] 2022-08-18 18:52:46.180 [main] LoggingConsumer - close()
[INFO ] 2022-08-18 18:52:46.180 [main] LoggingConsumer - close()
[INFO ] 2022-08-18 18:52:46.188 [main] TimedGeneratorStatement - Created 5 data sets from 'customer' setup in 658 ms (7/s)
[INFO ] 2022-08-18 18:52:46.188 [main] TimedGeneratorStatement - Created 5 data sets from 'customer' setup in 658 ms (7/s)
[INFO ] 2022-08-18 18:52:46.188 [main] TimedGeneratorStatement - Created 5 data sets from 'customer' setup in 658 ms (7/s)
[INFO ] 2022-08-18 18:52:46.192 [main] DescriptorRunner - Created a total of 5 entities in 668 ms (~26,000 p.h.)
[INFO ] 2022-08-18 18:52:46.192 [main] DescriptorRunner - Created a total of 5 entities in 668 ms (~26,000 p.h.)
[INFO ] 2022-08-18 18:52:46.192 [main] DescriptorRunner - Created a total of 5 entities in 668 ms (~26,000 p.h.)
[INFO ] 2022-08-18 18:52:46.194 [main] CONFIG - Max. committed heap size: 248 MB
[INFO ] 2022-08-18 18:52:46.194 [main] CONFIG - Max. committed heap size: 248 MB
[INFO ] 2022-08-18 18:52:46.194 [main] CONFIG - Max. committed heap size: 248 MB
[INFO ] 2022-08-18 21:13:41.952 [main] CONFIG - Running file .\ordersScript.xml
[INFO ] 2022-08-18 21:13:41.952 [main] CONFIG - Running file .\ordersScript.xml
[INFO ] 2022-08-18 21:13:41.952 [main] CONFIG - Running file .\ordersScript.xml
[INFO ] 2022-08-18 21:13:41.974 [main] CONFIG - Benerator 2.0.0-jdk-11 build ${build_number}
[INFO ] 2022-08-18 21:13:41.974 [main] CONFIG - Benerator 2.0.0-jdk-11 build ${build_number}
[INFO ] 2022-08-18 21:13:41.974 [main] CONFIG - Benerator 2.0.0-jdk-11 build ${build_number}
[INFO ] 2022-08-18 21:13:41.975 [main] CONFIG - Java version:  11.0.13
[INFO ] 2022-08-18 21:13:41.975 [main] CONFIG - Java version:  11.0.13
[INFO ] 2022-08-18 21:13:41.975 [main] CONFIG - Java version:  11.0.13
[INFO ] 2022-08-18 21:13:41.976 [main] CONFIG - JVM product:   Java HotSpot(TM) 64-Bit Server VM 11.0.13+10-LTS-370 (Oracle Corporation)
[INFO ] 2022-08-18 21:13:41.976 [main] CONFIG - JVM product:   Java HotSpot(TM) 64-Bit Server VM 11.0.13+10-LTS-370 (Oracle Corporation)
[INFO ] 2022-08-18 21:13:41.976 [main] CONFIG - JVM product:   Java HotSpot(TM) 64-Bit Server VM 11.0.13+10-LTS-370 (Oracle Corporation)
[INFO ] 2022-08-18 21:13:41.976 [main] CONFIG - System:        Windows 10 10.0 amd64
[INFO ] 2022-08-18 21:13:41.976 [main] CONFIG - System:        Windows 10 10.0 amd64
[INFO ] 2022-08-18 21:13:41.976 [main] CONFIG - System:        Windows 10 10.0 amd64
[INFO ] 2022-08-18 21:13:41.976 [main] CONFIG - CPU & RAM:     8 cores and 15 GB RAM, max 3 GB of RAM for this process
[INFO ] 2022-08-18 21:13:41.976 [main] CONFIG - CPU & RAM:     8 cores and 15 GB RAM, max 3 GB of RAM for this process
[INFO ] 2022-08-18 21:13:41.976 [main] CONFIG - CPU & RAM:     8 cores and 15 GB RAM, max 3 GB of RAM for this process
[INFO ] 2022-08-18 21:13:41.976 [main] CONFIG - Slf4j binding: org.apache.logging.slf4j.Log4jLoggerFactory
[INFO ] 2022-08-18 21:13:41.976 [main] CONFIG - Slf4j binding: org.apache.logging.slf4j.Log4jLoggerFactory
[INFO ] 2022-08-18 21:13:41.976 [main] CONFIG - Slf4j binding: org.apache.logging.slf4j.Log4jLoggerFactory
[INFO ] 2022-08-18 21:13:41.978 [main] CONFIG - Configured heap size limit: 3946 MB
[INFO ] 2022-08-18 21:13:41.978 [main] CONFIG - Configured heap size limit: 3946 MB
[INFO ] 2022-08-18 21:13:41.978 [main] CONFIG - Configured heap size limit: 3946 MB
[ERROR] 2022-08-18 21:13:42.786 [main] CompanyNameGenerator - Cannot create legal form generator: Unable to create generator for atomic dataset: IN: . Falling back to US. 
[ERROR] 2022-08-18 21:13:42.786 [main] CompanyNameGenerator - Cannot create legal form generator: Unable to create generator for atomic dataset: IN: . Falling back to US. 
[ERROR] 2022-08-18 21:13:42.786 [main] CompanyNameGenerator - Cannot create legal form generator: Unable to create generator for atomic dataset: IN: . Falling back to US. 
[INFO ] 2022-08-18 21:13:42.792 [main] CompanyNameGenerator - Cannot create sector generator: No localization found for /com/rapiddweller/domain/organization/sector.csv on locale hi_IN. Falling back to US
[INFO ] 2022-08-18 21:13:42.792 [main] CompanyNameGenerator - Cannot create sector generator: No localization found for /com/rapiddweller/domain/organization/sector.csv on locale hi_IN. Falling back to US
[INFO ] 2022-08-18 21:13:42.792 [main] CompanyNameGenerator - Cannot create sector generator: No localization found for /com/rapiddweller/domain/organization/sector.csv on locale hi_IN. Falling back to US
[INFO ] 2022-08-18 21:13:42.801 [main] TaskExecutor - Running task StateTrackingTaskProxy[GenerateAndConsumeTask(customer)] 10 times with page size 1 in a single thread
[INFO ] 2022-08-18 21:13:42.801 [main] TaskExecutor - Running task StateTrackingTaskProxy[GenerateAndConsumeTask(customer)] 10 times with page size 1 in a single thread
[INFO ] 2022-08-18 21:13:42.832 [main] LoggingConsumer - startConsuming(customer[first_name=Balasubramanium, last_name=Sharmila, birthDate=21.08.1994, superuser=false, salutation=Mrs., academicTitle=[null], email=info@Shankar-Bose.de])
[INFO ] 2022-08-18 21:13:42.832 [main] LoggingConsumer - startConsuming(customer[first_name=Balasubramanium, last_name=Sharmila, birthDate=21.08.1994, superuser=false, salutation=Mrs., academicTitle=[null], email=info@Shankar-Bose.de])
[INFO ] 2022-08-18 21:13:42.832 [main] LoggingConsumer - startConsuming(customer[first_name=Balasubramanium, last_name=Sharmila, birthDate=21.08.1994, superuser=false, salutation=Mrs., academicTitle=[null], email=info@Shankar-Bose.de])
[INFO ] 2022-08-18 21:13:42.835 [main] LoggingConsumer - finishConsuming(customer[first_name=Balasubramanium, last_name=Sharmila, birthDate=21.08.1994, superuser=false, salutation=Mrs., academicTitle=[null], email=info@Shankar-Bose.de])
[INFO ] 2022-08-18 21:13:42.835 [main] LoggingConsumer - finishConsuming(customer[first_name=Balasubramanium, last_name=Sharmila, birthDate=21.08.1994, superuser=false, salutation=Mrs., academicTitle=[null], email=info@Shankar-Bose.de])
[INFO ] 2022-08-18 21:13:42.835 [main] LoggingConsumer - finishConsuming(customer[first_name=Balasubramanium, last_name=Sharmila, birthDate=21.08.1994, superuser=false, salutation=Mrs., academicTitle=[null], email=info@Shankar-Bose.de])
[INFO ] 2022-08-18 21:13:42.835 [main] LoggingConsumer - flush()
[INFO ] 2022-08-18 21:13:42.835 [main] LoggingConsumer - flush()
[INFO ] 2022-08-18 21:13:42.835 [main] LoggingConsumer - flush()
[INFO ] 2022-08-18 21:13:42.837 [main] LoggingConsumer - startConsuming(customer[first_name=Mehra, last_name=Rajani, birthDate=20.09.1961, superuser=false, salutation=Mrs., academicTitle=[null], email=info@Rator.de])
[INFO ] 2022-08-18 21:13:42.837 [main] LoggingConsumer - startConsuming(customer[first_name=Mehra, last_name=Rajani, birthDate=20.09.1961, superuser=false, salutation=Mrs., academicTitle=[null], email=info@Rator.de])
[INFO ] 2022-08-18 21:13:42.837 [main] LoggingConsumer - startConsuming(customer[first_name=Mehra, last_name=Rajani, birthDate=20.09.1961, superuser=false, salutation=Mrs., academicTitle=[null], email=info@Rator.de])
[INFO ] 2022-08-18 21:13:42.837 [main] LoggingConsumer - finishConsuming(customer[first_name=Mehra, last_name=Rajani, birthDate=20.09.1961, superuser=false, salutation=Mrs., academicTitle=[null], email=info@Rator.de])
[INFO ] 2022-08-18 21:13:42.837 [main] LoggingConsumer - finishConsuming(customer[first_name=Mehra, last_name=Rajani, birthDate=20.09.1961, superuser=false, salutation=Mrs., academicTitle=[null], email=info@Rator.de])
[INFO ] 2022-08-18 21:13:42.837 [main] LoggingConsumer - finishConsuming(customer[first_name=Mehra, last_name=Rajani, birthDate=20.09.1961, superuser=false, salutation=Mrs., academicTitle=[null], email=info@Rator.de])
[INFO ] 2022-08-18 21:13:42.838 [main] LoggingConsumer - flush()
[INFO ] 2022-08-18 21:13:42.838 [main] LoggingConsumer - flush()
[INFO ] 2022-08-18 21:13:42.838 [main] LoggingConsumer - flush()
[INFO ] 2022-08-18 21:13:42.844 [main] LoggingConsumer - startConsuming(customer[first_name=Mukopadhyay, last_name=Vikram, birthDate=14.05.2001, superuser=false, salutation=Mr., academicTitle=[null], email=info@APK.de])
[INFO ] 2022-08-18 21:13:42.844 [main] LoggingConsumer - startConsuming(customer[first_name=Mukopadhyay, last_name=Vikram, birthDate=14.05.2001, superuser=false, salutation=Mr., academicTitle=[null], email=info@APK.de])
[INFO ] 2022-08-18 21:13:42.844 [main] LoggingConsumer - startConsuming(customer[first_name=Mukopadhyay, last_name=Vikram, birthDate=14.05.2001, superuser=false, salutation=Mr., academicTitle=[null], email=info@APK.de])
[INFO ] 2022-08-18 21:13:42.845 [main] LoggingConsumer - finishConsuming(customer[first_name=Mukopadhyay, last_name=Vikram, birthDate=14.05.2001, superuser=false, salutation=Mr., academicTitle=[null], email=info@APK.de])
[INFO ] 2022-08-18 21:13:42.845 [main] LoggingConsumer - finishConsuming(customer[first_name=Mukopadhyay, last_name=Vikram, birthDate=14.05.2001, superuser=false, salutation=Mr., academicTitle=[null], email=info@APK.de])
[INFO ] 2022-08-18 21:13:42.845 [main] LoggingConsumer - finishConsuming(customer[first_name=Mukopadhyay, last_name=Vikram, birthDate=14.05.2001, superuser=false, salutation=Mr., academicTitle=[null], email=info@APK.de])
[INFO ] 2022-08-18 21:13:42.845 [main] LoggingConsumer - flush()
[INFO ] 2022-08-18 21:13:42.845 [main] LoggingConsumer - flush()
[INFO ] 2022-08-18 21:13:42.845 [main] LoggingConsumer - flush()
[INFO ] 2022-08-18 21:13:42.850 [main] LoggingConsumer - startConsuming(customer[first_name=Malhotra, last_name=Tulsi, birthDate=29.09.1974, superuser=false, salutation=Mr., academicTitle=[null], email=info@Enventis.de])
[INFO ] 2022-08-18 21:13:42.850 [main] LoggingConsumer - startConsuming(customer[first_name=Malhotra, last_name=Tulsi, birthDate=29.09.1974, superuser=false, salutation=Mr., academicTitle=[null], email=info@Enventis.de])
[INFO ] 2022-08-18 21:13:42.850 [main] LoggingConsumer - startConsuming(customer[first_name=Malhotra, last_name=Tulsi, birthDate=29.09.1974, superuser=false, salutation=Mr., academicTitle=[null], email=info@Enventis.de])
[INFO ] 2022-08-18 21:13:42.850 [main] LoggingConsumer - finishConsuming(customer[first_name=Malhotra, last_name=Tulsi, birthDate=29.09.1974, superuser=false, salutation=Mr., academicTitle=[null], email=info@Enventis.de])
[INFO ] 2022-08-18 21:13:42.850 [main] LoggingConsumer - finishConsuming(customer[first_name=Malhotra, last_name=Tulsi, birthDate=29.09.1974, superuser=false, salutation=Mr., academicTitle=[null], email=info@Enventis.de])
[INFO ] 2022-08-18 21:13:42.850 [main] LoggingConsumer - finishConsuming(customer[first_name=Malhotra, last_name=Tulsi, birthDate=29.09.1974, superuser=false, salutation=Mr., academicTitle=[null], email=info@Enventis.de])
[INFO ] 2022-08-18 21:13:42.851 [main] LoggingConsumer - flush()
[INFO ] 2022-08-18 21:13:42.851 [main] LoggingConsumer - flush()
[INFO ] 2022-08-18 21:13:42.851 [main] LoggingConsumer - flush()
[INFO ] 2022-08-18 21:13:42.852 [main] LoggingConsumer - startConsuming(customer[first_name=Sen, last_name=Prajit, birthDate=25.12.1956, superuser=true, salutation=Mr., academicTitle=[null], email=info@GXC.de])
[INFO ] 2022-08-18 21:13:42.852 [main] LoggingConsumer - startConsuming(customer[first_name=Sen, last_name=Prajit, birthDate=25.12.1956, superuser=true, salutation=Mr., academicTitle=[null], email=info@GXC.de])
[INFO ] 2022-08-18 21:13:42.852 [main] LoggingConsumer - startConsuming(customer[first_name=Sen, last_name=Prajit, birthDate=25.12.1956, superuser=true, salutation=Mr., academicTitle=[null], email=info@GXC.de])
[INFO ] 2022-08-18 21:13:42.853 [main] LoggingConsumer - finishConsuming(customer[first_name=Sen, last_name=Prajit, birthDate=25.12.1956, superuser=true, salutation=Mr., academicTitle=[null], email=info@GXC.de])
[INFO ] 2022-08-18 21:13:42.853 [main] LoggingConsumer - finishConsuming(customer[first_name=Sen, last_name=Prajit, birthDate=25.12.1956, superuser=true, salutation=Mr., academicTitle=[null], email=info@GXC.de])
[INFO ] 2022-08-18 21:13:42.853 [main] LoggingConsumer - finishConsuming(customer[first_name=Sen, last_name=Prajit, birthDate=25.12.1956, superuser=true, salutation=Mr., academicTitle=[null], email=info@GXC.de])
[INFO ] 2022-08-18 21:13:42.853 [main] LoggingConsumer - flush()
[INFO ] 2022-08-18 21:13:42.853 [main] LoggingConsumer - flush()
[INFO ] 2022-08-18 21:13:42.853 [main] LoggingConsumer - flush()
[INFO ] 2022-08-18 21:13:42.855 [main] LoggingConsumer - startConsuming(customer[first_name=Yadav, last_name=Sumati, birthDate=05.03.1963, superuser=true, salutation=Mrs., academicTitle=[null], email=info@WireBot.de])
[INFO ] 2022-08-18 21:13:42.855 [main] LoggingConsumer - startConsuming(customer[first_name=Yadav, last_name=Sumati, birthDate=05.03.1963, superuser=true, salutation=Mrs., academicTitle=[null], email=info@WireBot.de])
[INFO ] 2022-08-18 21:13:42.855 [main] LoggingConsumer - startConsuming(customer[first_name=Yadav, last_name=Sumati, birthDate=05.03.1963, superuser=true, salutation=Mrs., academicTitle=[null], email=info@WireBot.de])
[INFO ] 2022-08-18 21:13:42.858 [main] LoggingConsumer - finishConsuming(customer[first_name=Yadav, last_name=Sumati, birthDate=05.03.1963, superuser=true, salutation=Mrs., academicTitle=[null], email=info@WireBot.de])
[INFO ] 2022-08-18 21:13:42.858 [main] LoggingConsumer - finishConsuming(customer[first_name=Yadav, last_name=Sumati, birthDate=05.03.1963, superuser=true, salutation=Mrs., academicTitle=[null], email=info@WireBot.de])
[INFO ] 2022-08-18 21:13:42.858 [main] LoggingConsumer - finishConsuming(customer[first_name=Yadav, last_name=Sumati, birthDate=05.03.1963, superuser=true, salutation=Mrs., academicTitle=[null], email=info@WireBot.de])
[INFO ] 2022-08-18 21:13:42.858 [main] LoggingConsumer - flush()
[INFO ] 2022-08-18 21:13:42.858 [main] LoggingConsumer - flush()
[INFO ] 2022-08-18 21:13:42.858 [main] LoggingConsumer - flush()
[INFO ] 2022-08-18 21:13:42.860 [main] LoggingConsumer - startConsuming(customer[first_name=Verma, last_name=Padmini, birthDate=31.05.1996, superuser=false, salutation=Mrs., academicTitle=[null], email=info@JXN.de])
[INFO ] 2022-08-18 21:13:42.860 [main] LoggingConsumer - startConsuming(customer[first_name=Verma, last_name=Padmini, birthDate=31.05.1996, superuser=false, salutation=Mrs., academicTitle=[null], email=info@JXN.de])
[INFO ] 2022-08-18 21:13:42.860 [main] LoggingConsumer - startConsuming(customer[first_name=Verma, last_name=Padmini, birthDate=31.05.1996, superuser=false, salutation=Mrs., academicTitle=[null], email=info@JXN.de])
[INFO ] 2022-08-18 21:13:42.860 [main] LoggingConsumer - finishConsuming(customer[first_name=Verma, last_name=Padmini, birthDate=31.05.1996, superuser=false, salutation=Mrs., academicTitle=[null], email=info@JXN.de])
[INFO ] 2022-08-18 21:13:42.860 [main] LoggingConsumer - finishConsuming(customer[first_name=Verma, last_name=Padmini, birthDate=31.05.1996, superuser=false, salutation=Mrs., academicTitle=[null], email=info@JXN.de])
[INFO ] 2022-08-18 21:13:42.860 [main] LoggingConsumer - finishConsuming(customer[first_name=Verma, last_name=Padmini, birthDate=31.05.1996, superuser=false, salutation=Mrs., academicTitle=[null], email=info@JXN.de])
[INFO ] 2022-08-18 21:13:42.861 [main] LoggingConsumer - flush()
[INFO ] 2022-08-18 21:13:42.861 [main] LoggingConsumer - flush()
[INFO ] 2022-08-18 21:13:42.861 [main] LoggingConsumer - flush()
[INFO ] 2022-08-18 21:13:42.862 [main] LoggingConsumer - startConsuming(customer[first_name=Singh, last_name=Adhija, birthDate=05.01.1963, superuser=true, salutation=Mrs., academicTitle=Dr., email=info@CBH.de])
[INFO ] 2022-08-18 21:13:42.862 [main] LoggingConsumer - startConsuming(customer[first_name=Singh, last_name=Adhija, birthDate=05.01.1963, superuser=true, salutation=Mrs., academicTitle=Dr., email=info@CBH.de])
[INFO ] 2022-08-18 21:13:42.862 [main] LoggingConsumer - startConsuming(customer[first_name=Singh, last_name=Adhija, birthDate=05.01.1963, superuser=true, salutation=Mrs., academicTitle=Dr., email=info@CBH.de])
[INFO ] 2022-08-18 21:13:42.863 [main] LoggingConsumer - finishConsuming(customer[first_name=Singh, last_name=Adhija, birthDate=05.01.1963, superuser=true, salutation=Mrs., academicTitle=Dr., email=info@CBH.de])
[INFO ] 2022-08-18 21:13:42.863 [main] LoggingConsumer - finishConsuming(customer[first_name=Singh, last_name=Adhija, birthDate=05.01.1963, superuser=true, salutation=Mrs., academicTitle=Dr., email=info@CBH.de])
[INFO ] 2022-08-18 21:13:42.863 [main] LoggingConsumer - finishConsuming(customer[first_name=Singh, last_name=Adhija, birthDate=05.01.1963, superuser=true, salutation=Mrs., academicTitle=Dr., email=info@CBH.de])
[INFO ] 2022-08-18 21:13:42.864 [main] LoggingConsumer - flush()
[INFO ] 2022-08-18 21:13:42.864 [main] LoggingConsumer - flush()
[INFO ] 2022-08-18 21:13:42.864 [main] LoggingConsumer - flush()
[INFO ] 2022-08-18 21:13:42.866 [main] LoggingConsumer - startConsuming(customer[first_name=Nair, last_name=Rati, birthDate=29.02.1996, superuser=false, salutation=Mrs., academicTitle=[null], email=info@DynaShop.de])
[INFO ] 2022-08-18 21:13:42.866 [main] LoggingConsumer - startConsuming(customer[first_name=Nair, last_name=Rati, birthDate=29.02.1996, superuser=false, salutation=Mrs., academicTitle=[null], email=info@DynaShop.de])
[INFO ] 2022-08-18 21:13:42.866 [main] LoggingConsumer - startConsuming(customer[first_name=Nair, last_name=Rati, birthDate=29.02.1996, superuser=false, salutation=Mrs., academicTitle=[null], email=info@DynaShop.de])
[INFO ] 2022-08-18 21:13:42.867 [main] LoggingConsumer - finishConsuming(customer[first_name=Nair, last_name=Rati, birthDate=29.02.1996, superuser=false, salutation=Mrs., academicTitle=[null], email=info@DynaShop.de])
[INFO ] 2022-08-18 21:13:42.867 [main] LoggingConsumer - finishConsuming(customer[first_name=Nair, last_name=Rati, birthDate=29.02.1996, superuser=false, salutation=Mrs., academicTitle=[null], email=info@DynaShop.de])
[INFO ] 2022-08-18 21:13:42.867 [main] LoggingConsumer - finishConsuming(customer[first_name=Nair, last_name=Rati, birthDate=29.02.1996, superuser=false, salutation=Mrs., academicTitle=[null], email=info@DynaShop.de])
[INFO ] 2022-08-18 21:13:42.867 [main] LoggingConsumer - flush()
[INFO ] 2022-08-18 21:13:42.867 [main] LoggingConsumer - flush()
[INFO ] 2022-08-18 21:13:42.867 [main] LoggingConsumer - flush()
[INFO ] 2022-08-18 21:13:42.868 [main] LoggingConsumer - startConsuming(customer[first_name=Sarin, last_name=Satish, birthDate=25.10.1988, superuser=false, salutation=Mr., academicTitle=[null], email=info@Gopal-Sengupta.de])
[INFO ] 2022-08-18 21:13:42.868 [main] LoggingConsumer - startConsuming(customer[first_name=Sarin, last_name=Satish, birthDate=25.10.1988, superuser=false, salutation=Mr., academicTitle=[null], email=info@Gopal-Sengupta.de])
[INFO ] 2022-08-18 21:13:42.868 [main] LoggingConsumer - startConsuming(customer[first_name=Sarin, last_name=Satish, birthDate=25.10.1988, superuser=false, salutation=Mr., academicTitle=[null], email=info@Gopal-Sengupta.de])
[INFO ] 2022-08-18 21:13:42.872 [main] LoggingConsumer - finishConsuming(customer[first_name=Sarin, last_name=Satish, birthDate=25.10.1988, superuser=false, salutation=Mr., academicTitle=[null], email=info@Gopal-Sengupta.de])
[INFO ] 2022-08-18 21:13:42.872 [main] LoggingConsumer - finishConsuming(customer[first_name=Sarin, last_name=Satish, birthDate=25.10.1988, superuser=false, salutation=Mr., academicTitle=[null], email=info@Gopal-Sengupta.de])
[INFO ] 2022-08-18 21:13:42.872 [main] LoggingConsumer - finishConsuming(customer[first_name=Sarin, last_name=Satish, birthDate=25.10.1988, superuser=false, salutation=Mr., academicTitle=[null], email=info@Gopal-Sengupta.de])
[INFO ] 2022-08-18 21:13:42.873 [main] LoggingConsumer - flush()
[INFO ] 2022-08-18 21:13:42.873 [main] LoggingConsumer - flush()
[INFO ] 2022-08-18 21:13:42.873 [main] LoggingConsumer - flush()
[INFO ] 2022-08-18 21:13:42.874 [main] LoggingConsumer - close()
[INFO ] 2022-08-18 21:13:42.874 [main] LoggingConsumer - close()
[INFO ] 2022-08-18 21:13:42.874 [main] LoggingConsumer - close()
[INFO ] 2022-08-18 21:13:42.875 [main] LoggingConsumer - close()
[INFO ] 2022-08-18 21:13:42.875 [main] LoggingConsumer - close()
[INFO ] 2022-08-18 21:13:42.875 [main] LoggingConsumer - close()
[INFO ] 2022-08-18 21:13:42.883 [main] TimedGeneratorStatement - Created 10 data sets from 'customer' setup in 625 ms (16/s)
[INFO ] 2022-08-18 21:13:42.883 [main] TimedGeneratorStatement - Created 10 data sets from 'customer' setup in 625 ms (16/s)
[INFO ] 2022-08-18 21:13:42.883 [main] TimedGeneratorStatement - Created 10 data sets from 'customer' setup in 625 ms (16/s)
[INFO ] 2022-08-18 21:13:42.887 [main] DescriptorRunner - Created a total of 10 entities in 635 ms (~56,000 p.h.)
[INFO ] 2022-08-18 21:13:42.887 [main] DescriptorRunner - Created a total of 10 entities in 635 ms (~56,000 p.h.)
[INFO ] 2022-08-18 21:13:42.887 [main] DescriptorRunner - Created a total of 10 entities in 635 ms (~56,000 p.h.)
[INFO ] 2022-08-18 21:13:42.889 [main] CONFIG - Max. committed heap size: 248 MB
[INFO ] 2022-08-18 21:13:42.889 [main] CONFIG - Max. committed heap size: 248 MB
[INFO ] 2022-08-18 21:13:42.889 [main] CONFIG - Max. committed heap size: 248 MB
